2022-01-04 10:36:54.804 | INFO     | __main__:sign_in:51 - {"err_no":15001,"err_msg":"您今日已完成签到，请勿重复签到","data":null}
2022-01-04 10:36:55.926 | INFO     | __main__:get_cur_point:61 - {"err_no":0,"err_msg":"success","data":1143}
2022-01-04 10:38:04.034 | INFO     | __main__:sign_in:51 - {"err_no":15001,"err_msg":"您今日已完成签到，请勿重复签到","data":null}
2022-01-04 10:38:05.142 | INFO     | __main__:get_cur_point:61 - {"err_no":0,"err_msg":"success","data":1143}
2022-01-04 10:38:05.738 | INFO     | __main__:send_msg:42 - {'code': 1000, 'msg': '处理成功', 'data': [{'uid': 'UID_wQt7H96ZPTGeAOLDV0GOcZTBRTTL', 'topicId': None, 'messageId': 298079014, 'code': 1000, 'status': '创建发送任务成功'}], 'success': True}
2022-01-04 10:39:13.545 | INFO     | __main__:sign_in:51 - {"err_no":15001,"err_msg":"您今日已完成签到，请勿重复签到","data":null}
2022-01-04 10:39:14.661 | INFO     | __main__:get_cur_point:61 - {"err_no":0,"err_msg":"success","data":1143}
2022-01-04 10:39:15.198 | INFO     | __main__:send_msg:42 - {'code': 1000, 'msg': '处理成功', 'data': [{'uid': 'UID_wQt7H96ZPTGeAOLDV0GOcZTBRTTL', 'topicId': None, 'messageId': 298079231, 'code': 1000, 'status': '创建发送任务成功'}], 'success': True}
2022-01-24 16:55:20.686 | INFO     | __main__:sign_in:51 - {"err_no":403,"err_msg":"must login","data":null}
2022-01-24 16:55:21.832 | INFO     | __main__:get_cur_point:61 - {"err_no":403,"err_msg":"must login","data":null}
2022-01-24 16:55:22.676 | INFO     | __main__:send_msg:42 - {'code': 1000, 'msg': '处理成功', 'data': [{'uid': 'UID_wQt7H96ZPTGeAOLDV0GOcZTBRTTL', 'topicId': None, 'messageId': 306434266, 'code': 1000, 'status': '创建发送任务成功'}], 'success': True}
2022-01-24 17:41:13.322 | SUCCESS  | tools.browser:downloadImg:125 - 图片下载完成
2022-01-24 17:41:13.322 | SUCCESS  | tools.browser:downloadImg:125 - 图片下载完成
2022-01-24 17:41:13.322 | INFO     | tools.browser:run:53 - 验证码地址：https://p9-catpcha.byteimg.com/tos-cn-i-188rlo5p4y/ec776fb37392430c8b3e05eaf0000f27~tplv-188rlo5p4y-2.jpeg
2022-01-24 17:41:13.322 | INFO     | tools.browser:run:53 - 验证码地址：https://p9-catpcha.byteimg.com/tos-cn-i-188rlo5p4y/ec776fb37392430c8b3e05eaf0000f27~tplv-188rlo5p4y-2.jpeg
2022-01-24 17:41:15.995 | INFO     | tools.browser:getCaptchaCoordinate:137 - 请求超级鹰：{'err_no': 0, 'err_str': 'OK', 'pic_id': '9166517417241300091', 'pic_str': '232,148', 'md5': 'd7f3326c33d920a4836fab025c9cac6c'}
2022-01-24 17:41:15.995 | INFO     | tools.browser:getCaptchaCoordinate:137 - 请求超级鹰：{'err_no': 0, 'err_str': 'OK', 'pic_id': '9166517417241300091', 'pic_str': '232,148', 'md5': 'd7f3326c33d920a4836fab025c9cac6c'}
2022-01-24 17:41:42.017 | ERROR    | tools.browser:run:67 - 登录失败:1 次，重试中
2022-01-24 17:41:42.017 | ERROR    | tools.browser:run:67 - 登录失败:1 次，重试中
2022-01-24 17:41:42.102 | SUCCESS  | tools.browser:refund:78 - 退款信息：{'err_no': -1013, 'err_str': '错误率太高,请速检查程序!'}
2022-01-24 17:41:42.102 | SUCCESS  | tools.browser:refund:78 - 退款信息：{'err_no': -1013, 'err_str': '错误率太高,请速检查程序!'}
2022-01-24 17:41:43.193 | SUCCESS  | tools.browser:downloadImg:125 - 图片下载完成
2022-01-24 17:41:43.193 | SUCCESS  | tools.browser:downloadImg:125 - 图片下载完成
2022-01-24 17:41:43.194 | INFO     | tools.browser:run:53 - 验证码地址：https://p6-catpcha.byteimg.com/tos-cn-i-188rlo5p4y/1edef9a8ee4445f4b100680076778320~tplv-188rlo5p4y-2.jpeg
2022-01-24 17:41:43.194 | INFO     | tools.browser:run:53 - 验证码地址：https://p6-catpcha.byteimg.com/tos-cn-i-188rlo5p4y/1edef9a8ee4445f4b100680076778320~tplv-188rlo5p4y-2.jpeg
2022-01-24 17:41:45.841 | INFO     | tools.browser:getCaptchaCoordinate:137 - 请求超级鹰：{'err_no': 0, 'err_str': 'OK', 'pic_id': '1166517417241300092', 'pic_str': '415,77', 'md5': 'f8c91038c5351e448a819850dae84878'}
2022-01-24 17:41:45.841 | INFO     | tools.browser:getCaptchaCoordinate:137 - 请求超级鹰：{'err_no': 0, 'err_str': 'OK', 'pic_id': '1166517417241300092', 'pic_str': '415,77', 'md5': 'f8c91038c5351e448a819850dae84878'}
2022-01-24 17:42:15.644 | ERROR    | tools.browser:run:67 - 登录失败:2 次，重试中
2022-01-24 17:42:15.644 | ERROR    | tools.browser:run:67 - 登录失败:2 次，重试中
2022-01-24 17:42:15.742 | SUCCESS  | tools.browser:refund:78 - 退款信息：{'err_no': -1013, 'err_str': '错误率太高,请速检查程序!'}
2022-01-24 17:42:15.742 | SUCCESS  | tools.browser:refund:78 - 退款信息：{'err_no': -1013, 'err_str': '错误率太高,请速检查程序!'}
2022-01-24 17:42:16.960 | SUCCESS  | tools.browser:downloadImg:125 - 图片下载完成
2022-01-24 17:42:16.960 | SUCCESS  | tools.browser:downloadImg:125 - 图片下载完成
2022-01-24 17:42:16.960 | INFO     | tools.browser:run:53 - 验证码地址：https://p9-catpcha.byteimg.com/tos-cn-i-188rlo5p4y/b37c617b1e654178b21c0520b4766317~tplv-188rlo5p4y-2.jpeg
2022-01-24 17:42:16.960 | INFO     | tools.browser:run:53 - 验证码地址：https://p9-catpcha.byteimg.com/tos-cn-i-188rlo5p4y/b37c617b1e654178b21c0520b4766317~tplv-188rlo5p4y-2.jpeg
2022-01-24 17:42:22.401 | INFO     | tools.browser:getCaptchaCoordinate:137 - 请求超级鹰：{'err_no': 0, 'err_str': 'OK', 'pic_id': '9166517427241300093', 'pic_str': '186,88', 'md5': '1e09b51498409cd74847753d61a64385'}
2022-01-24 17:42:22.401 | INFO     | tools.browser:getCaptchaCoordinate:137 - 请求超级鹰：{'err_no': 0, 'err_str': 'OK', 'pic_id': '9166517427241300093', 'pic_str': '186,88', 'md5': '1e09b51498409cd74847753d61a64385'}
2022-01-24 17:42:47.597 | ERROR    | tools.browser:run:67 - 登录失败:3 次，重试中
2022-01-24 17:42:47.597 | ERROR    | tools.browser:run:67 - 登录失败:3 次，重试中
2022-01-24 17:42:47.686 | SUCCESS  | tools.browser:refund:78 - 退款信息：{'err_no': -1013, 'err_str': '错误率太高,请速检查程序!'}
2022-01-24 17:42:47.686 | SUCCESS  | tools.browser:refund:78 - 退款信息：{'err_no': -1013, 'err_str': '错误率太高,请速检查程序!'}
2022-01-24 17:42:48.866 | SUCCESS  | tools.browser:downloadImg:125 - 图片下载完成
2022-01-24 17:42:48.866 | SUCCESS  | tools.browser:downloadImg:125 - 图片下载完成
2022-01-24 17:42:48.866 | INFO     | tools.browser:run:53 - 验证码地址：https://p9-catpcha.byteimg.com/tos-cn-i-188rlo5p4y/f8020e1650ef49ddb93f3def77b22c8c~tplv-188rlo5p4y-2.jpeg
2022-01-24 17:42:48.866 | INFO     | tools.browser:run:53 - 验证码地址：https://p9-catpcha.byteimg.com/tos-cn-i-188rlo5p4y/f8020e1650ef49ddb93f3def77b22c8c~tplv-188rlo5p4y-2.jpeg
2022-01-24 17:42:52.508 | INFO     | tools.browser:getCaptchaCoordinate:137 - 请求超级鹰：{'err_no': 0, 'err_str': 'OK', 'pic_id': '1166517427241300094', 'pic_str': '427,232', 'md5': '79c3e4ccd2c4b60adbda624aa76e250f'}
2022-01-24 17:42:52.508 | INFO     | tools.browser:getCaptchaCoordinate:137 - 请求超级鹰：{'err_no': 0, 'err_str': 'OK', 'pic_id': '1166517427241300094', 'pic_str': '427,232', 'md5': '79c3e4ccd2c4b60adbda624aa76e250f'}
2022-01-24 17:43:22.524 | ERROR    | tools.browser:run:67 - 登录失败:4 次，重试中
2022-01-24 17:43:22.524 | ERROR    | tools.browser:run:67 - 登录失败:4 次，重试中
2022-01-24 17:43:22.645 | SUCCESS  | tools.browser:refund:78 - 退款信息：{'err_no': -1013, 'err_str': '错误率太高,请速检查程序!'}
2022-01-24 17:43:22.645 | SUCCESS  | tools.browser:refund:78 - 退款信息：{'err_no': -1013, 'err_str': '错误率太高,请速检查程序!'}
2022-01-24 17:43:23.758 | SUCCESS  | tools.browser:downloadImg:125 - 图片下载完成
2022-01-24 17:43:23.758 | SUCCESS  | tools.browser:downloadImg:125 - 图片下载完成
2022-01-24 17:43:23.758 | INFO     | tools.browser:run:53 - 验证码地址：https://p6-catpcha.byteimg.com/tos-cn-i-188rlo5p4y/e81c3ecbf7054910af56c8b10eac7d56~tplv-188rlo5p4y-2.jpeg
2022-01-24 17:43:23.758 | INFO     | tools.browser:run:53 - 验证码地址：https://p6-catpcha.byteimg.com/tos-cn-i-188rlo5p4y/e81c3ecbf7054910af56c8b10eac7d56~tplv-188rlo5p4y-2.jpeg
2022-01-24 17:43:53.996 | INFO     | tools.browser:getCaptchaCoordinate:137 - 请求超级鹰：{'err_no': -3002, 'err_str': '系统超时', 'pic_id': '1166517437241300095', 'pic_str': '', 'md5': ''}
2022-01-24 17:43:53.996 | INFO     | tools.browser:getCaptchaCoordinate:137 - 请求超级鹰：{'err_no': -3002, 'err_str': '系统超时', 'pic_id': '1166517437241300095', 'pic_str': '', 'md5': ''}
2022-01-24 17:43:57.832 | INFO     | tools.browser:getCaptchaCoordinate:137 - 请求超级鹰：{'err_no': 0, 'err_str': 'OK', 'pic_id': '1166517437241300096', 'pic_str': '430,207', 'md5': '2e7467e46f96c18401fdb643aa63e79b'}
2022-01-24 17:43:57.832 | INFO     | tools.browser:getCaptchaCoordinate:137 - 请求超级鹰：{'err_no': 0, 'err_str': 'OK', 'pic_id': '1166517437241300096', 'pic_str': '430,207', 'md5': '2e7467e46f96c18401fdb643aa63e79b'}
2022-01-24 17:44:27.834 | ERROR    | tools.browser:run:67 - 登录失败:5 次，重试中
2022-01-24 17:44:27.834 | ERROR    | tools.browser:run:67 - 登录失败:5 次，重试中
2022-01-24 17:44:27.922 | SUCCESS  | tools.browser:refund:78 - 退款信息：{'err_no': -1013, 'err_str': '错误率太高,请速检查程序!'}
2022-01-24 17:44:27.922 | SUCCESS  | tools.browser:refund:78 - 退款信息：{'err_no': -1013, 'err_str': '错误率太高,请速检查程序!'}
2022-01-24 17:44:28.995 | SUCCESS  | tools.browser:downloadImg:125 - 图片下载完成
2022-01-24 17:44:28.995 | SUCCESS  | tools.browser:downloadImg:125 - 图片下载完成
2022-01-24 17:44:28.995 | INFO     | tools.browser:run:53 - 验证码地址：https://p6-catpcha.byteimg.com/tos-cn-i-188rlo5p4y/9d4e7b3676f8403490f9f47f1c43a4ea~tplv-188rlo5p4y-2.jpeg
2022-01-24 17:44:28.995 | INFO     | tools.browser:run:53 - 验证码地址：https://p6-catpcha.byteimg.com/tos-cn-i-188rlo5p4y/9d4e7b3676f8403490f9f47f1c43a4ea~tplv-188rlo5p4y-2.jpeg
2022-01-24 17:44:34.438 | INFO     | tools.browser:getCaptchaCoordinate:137 - 请求超级鹰：{'err_no': 0, 'err_str': 'OK', 'pic_id': '1166517447241300097', 'pic_str': '263,119', 'md5': 'a067f547c9fa926c8b0da7daa8080c3e'}
2022-01-24 17:44:34.438 | INFO     | tools.browser:getCaptchaCoordinate:137 - 请求超级鹰：{'err_no': 0, 'err_str': 'OK', 'pic_id': '1166517447241300097', 'pic_str': '263,119', 'md5': 'a067f547c9fa926c8b0da7daa8080c3e'}
2022-01-24 17:44:51.288 | SUCCESS  | tools.browser:run:61 - 登录成功
2022-01-24 17:44:51.288 | SUCCESS  | tools.browser:run:61 - 登录成功
2022-01-24 17:44:51.292 | SUCCESS  | tools.browser:run:62 - [{'domain': 'juejin.cn', 'expiry': 1674553491, 'httpOnly': False, 'name': 'tt_scid', 'path': '/', 'secure': False, 'value': 'YUo.JYTx69b8KonWq4S7u2RTWG6Ck6Lc.kv2T7wNp9ghX7lCJJJ6CWUxLEBuT.m0d675'}, {'domain': '.juejin.cn', 'expiry': 1648201488, 'httpOnly': True, 'name': 'sessionid_ss', 'path': '/', 'sameSite': 'None', 'secure': True, 'value': 'a32e07127d3a3e4c990d85e368014fe0'}, {'domain': '.juejin.cn', 'expiry': 1648201488, 'httpOnly': True, 'name': 'sessionid', 'path': '/', 'secure': False, 'value': 'a32e07127d3a3e4c990d85e368014fe0'}, {'domain': '.juejin.cn', 'expiry': 1648201488, 'httpOnly': True, 'name': 'sid_tt', 'path': '/', 'secure': False, 'value': 'a32e07127d3a3e4c990d85e368014fe0'}, {'domain': '.juejin.cn', 'expiry': 1648201488, 'httpOnly': True, 'name': 'uid_tt_ss', 'path': '/', 'sameSite': 'None', 'secure': True, 'value': '98dd878fccbd4a020e1356f149f6e084'}, {'domain': '.juejin.cn', 'expiry': 1648201488, 'httpOnly': True, 'name': 'uid_tt', 'path': '/', 'secure': False, 'value': '98dd878fccbd4a020e1356f149f6e084'}, {'domain': '.juejin.cn', 'expiry': 1674121489, 'httpOnly': True, 'name': 'sid_guard', 'path': '/', 'secure': False, 'value': 'a32e07127d3a3e4c990d85e368014fe0%7C1643017489%7C5183999%7CFri%2C+25-Mar-2022+09%3A44%3A48+GMT'}, {'domain': '.juejin.cn', 'expiry': 1643622072, 'httpOnly': False, 'name': '_tea_utm_cache_2018', 'path': '/', 'secure': False, 'value': 'undefined'}, {'domain': '.juejin.cn', 'expiry': 1648201488, 'httpOnly': True, 'name': 'sid_ucp_v1', 'path': '/', 'secure': True, 'value': '1.0.0-KDY0NDkyYzBlOGFhODY1NmQzZmJkMGM2OTdhZmZhYTk3ZmMyOTFiNDUKFwiewMDA_fW5BRCR6rmPBhiwFDgCQO8HGgJsZiIgYTMyZTA3MTI3ZDNhM2U0Yzk5MGQ4NWUzNjgwMTRmZTA'}, {'domain': '.juejin.cn', 'expiry': 1648201272, 'httpOnly': False, 'name': 'passport_csrf_token_default', 'path': '/', 'secure': False, 'value': 'a70bdba54cf60220639846050294c732'}, {'domain': '.juejin.cn', 'expiry': 1648201272, 'httpOnly': False, 'name': 'passport_csrf_token', 'path': '/', 'sameSite': 'None', 'secure': True, 'value': 'a70bdba54cf60220639846050294c732'}, {'domain': '.juejin.cn', 'expiry': 1648201488, 'httpOnly': True, 'name': 'ssid_ucp_v1', 'path': '/', 'sameSite': 'None', 'secure': True, 'value': '1.0.0-KDY0NDkyYzBlOGFhODY1NmQzZmJkMGM2OTdhZmZhYTk3ZmMyOTFiNDUKFwiewMDA_fW5BRCR6rmPBhiwFDgCQO8HGgJsZiIgYTMyZTA3MTI3ZDNhM2U0Yzk5MGQ4NWUzNjgwMTRmZTA'}, {'domain': 'juejin.cn', 'httpOnly': False, 'name': 's_v_web_id', 'path': '/', 'secure': False, 'value': 'verify_kysi28zc_zwCpMgzT_aN3F_4mwR_BheY_MLm9p2yH1pFK'}, {'domain': '.juejin.cn', 'expiry': 1737625272, 'httpOnly': False, 'name': '__tea_cookie_tokens_2608', 'path': '/', 'secure': False, 'value': '%257B%2522web_id%2522%253A%25227056705391330543136%2522%252C%2522ssid%2522%253A%25222adc3c31-16f8-4c78-9178-2febcca42472%2522%252C%2522user_unique_id%2522%253A%25227056705391330543136%2522%252C%2522timestamp%2522%253A1643017272196%257D'}, {'domain': '.juejin.cn', 'expiry': 1643103890, 'httpOnly': False, 'name': '_gid', 'path': '/', 'secure': False, 'value': 'GA1.2.1667279830.1643017272'}, {'domain': '.juejin.cn', 'expiry': 1653385489, 'httpOnly': True, 'name': 'n_mh', 'path': '/', 'secure': False, 'value': 'Opz34QDGOsywMwicAR82MP0F6jYNglYygX0FpMkB-js'}, {'domain': 'juejin.cn', 'expiry': 1650793272, 'httpOnly': False, 'name': 'MONITOR_DEVICE_ID', 'path': '/', 'secure': False, 'value': '310ad263-f02a-4863-a7da-a273a2ed4ec1'}, {'domain': '.juejin.cn', 'expiry': 1706089490, 'httpOnly': False, 'name': '_ga', 'path': '/', 'secure': False, 'value': 'GA1.2.228618149.1643017272'}, {'domain': '.juejin.cn', 'expiry': 1650793490, 'httpOnly': False, 'name': 'MONITOR_WEB_ID', 'path': '/', 'secure': False, 'value': 'ce0e28cc-dd93-4795-9092-76fe2baa3db8'}, {'domain': 'juejin.cn', 'expiry': 1674553271, 'httpOnly': False, 'name': 'ttcid', 'path': '/', 'secure': False, 'value': '1fc86559b2464162ac80affa381b8c3616'}]
2022-01-24 17:44:51.292 | SUCCESS  | tools.browser:run:62 - [{'domain': 'juejin.cn', 'expiry': 1674553491, 'httpOnly': False, 'name': 'tt_scid', 'path': '/', 'secure': False, 'value': 'YUo.JYTx69b8KonWq4S7u2RTWG6Ck6Lc.kv2T7wNp9ghX7lCJJJ6CWUxLEBuT.m0d675'}, {'domain': '.juejin.cn', 'expiry': 1648201488, 'httpOnly': True, 'name': 'sessionid_ss', 'path': '/', 'sameSite': 'None', 'secure': True, 'value': 'a32e07127d3a3e4c990d85e368014fe0'}, {'domain': '.juejin.cn', 'expiry': 1648201488, 'httpOnly': True, 'name': 'sessionid', 'path': '/', 'secure': False, 'value': 'a32e07127d3a3e4c990d85e368014fe0'}, {'domain': '.juejin.cn', 'expiry': 1648201488, 'httpOnly': True, 'name': 'sid_tt', 'path': '/', 'secure': False, 'value': 'a32e07127d3a3e4c990d85e368014fe0'}, {'domain': '.juejin.cn', 'expiry': 1648201488, 'httpOnly': True, 'name': 'uid_tt_ss', 'path': '/', 'sameSite': 'None', 'secure': True, 'value': '98dd878fccbd4a020e1356f149f6e084'}, {'domain': '.juejin.cn', 'expiry': 1648201488, 'httpOnly': True, 'name': 'uid_tt', 'path': '/', 'secure': False, 'value': '98dd878fccbd4a020e1356f149f6e084'}, {'domain': '.juejin.cn', 'expiry': 1674121489, 'httpOnly': True, 'name': 'sid_guard', 'path': '/', 'secure': False, 'value': 'a32e07127d3a3e4c990d85e368014fe0%7C1643017489%7C5183999%7CFri%2C+25-Mar-2022+09%3A44%3A48+GMT'}, {'domain': '.juejin.cn', 'expiry': 1643622072, 'httpOnly': False, 'name': '_tea_utm_cache_2018', 'path': '/', 'secure': False, 'value': 'undefined'}, {'domain': '.juejin.cn', 'expiry': 1648201488, 'httpOnly': True, 'name': 'sid_ucp_v1', 'path': '/', 'secure': True, 'value': '1.0.0-KDY0NDkyYzBlOGFhODY1NmQzZmJkMGM2OTdhZmZhYTk3ZmMyOTFiNDUKFwiewMDA_fW5BRCR6rmPBhiwFDgCQO8HGgJsZiIgYTMyZTA3MTI3ZDNhM2U0Yzk5MGQ4NWUzNjgwMTRmZTA'}, {'domain': '.juejin.cn', 'expiry': 1648201272, 'httpOnly': False, 'name': 'passport_csrf_token_default', 'path': '/', 'secure': False, 'value': 'a70bdba54cf60220639846050294c732'}, {'domain': '.juejin.cn', 'expiry': 1648201272, 'httpOnly': False, 'name': 'passport_csrf_token', 'path': '/', 'sameSite': 'None', 'secure': True, 'value': 'a70bdba54cf60220639846050294c732'}, {'domain': '.juejin.cn', 'expiry': 1648201488, 'httpOnly': True, 'name': 'ssid_ucp_v1', 'path': '/', 'sameSite': 'None', 'secure': True, 'value': '1.0.0-KDY0NDkyYzBlOGFhODY1NmQzZmJkMGM2OTdhZmZhYTk3ZmMyOTFiNDUKFwiewMDA_fW5BRCR6rmPBhiwFDgCQO8HGgJsZiIgYTMyZTA3MTI3ZDNhM2U0Yzk5MGQ4NWUzNjgwMTRmZTA'}, {'domain': 'juejin.cn', 'httpOnly': False, 'name': 's_v_web_id', 'path': '/', 'secure': False, 'value': 'verify_kysi28zc_zwCpMgzT_aN3F_4mwR_BheY_MLm9p2yH1pFK'}, {'domain': '.juejin.cn', 'expiry': 1737625272, 'httpOnly': False, 'name': '__tea_cookie_tokens_2608', 'path': '/', 'secure': False, 'value': '%257B%2522web_id%2522%253A%25227056705391330543136%2522%252C%2522ssid%2522%253A%25222adc3c31-16f8-4c78-9178-2febcca42472%2522%252C%2522user_unique_id%2522%253A%25227056705391330543136%2522%252C%2522timestamp%2522%253A1643017272196%257D'}, {'domain': '.juejin.cn', 'expiry': 1643103890, 'httpOnly': False, 'name': '_gid', 'path': '/', 'secure': False, 'value': 'GA1.2.1667279830.1643017272'}, {'domain': '.juejin.cn', 'expiry': 1653385489, 'httpOnly': True, 'name': 'n_mh', 'path': '/', 'secure': False, 'value': 'Opz34QDGOsywMwicAR82MP0F6jYNglYygX0FpMkB-js'}, {'domain': 'juejin.cn', 'expiry': 1650793272, 'httpOnly': False, 'name': 'MONITOR_DEVICE_ID', 'path': '/', 'secure': False, 'value': '310ad263-f02a-4863-a7da-a273a2ed4ec1'}, {'domain': '.juejin.cn', 'expiry': 1706089490, 'httpOnly': False, 'name': '_ga', 'path': '/', 'secure': False, 'value': 'GA1.2.228618149.1643017272'}, {'domain': '.juejin.cn', 'expiry': 1650793490, 'httpOnly': False, 'name': 'MONITOR_WEB_ID', 'path': '/', 'secure': False, 'value': 'ce0e28cc-dd93-4795-9092-76fe2baa3db8'}, {'domain': 'juejin.cn', 'expiry': 1674553271, 'httpOnly': False, 'name': 'ttcid', 'path': '/', 'secure': False, 'value': '1fc86559b2464162ac80affa381b8c3616'}]
2022-01-24 17:44:54.801 | INFO     | __main__:get_cur_point:69 - {"err_no":0,"err_msg":"success","data":1275}
2022-01-24 17:44:54.801 | INFO     | __main__:get_cur_point:69 - {"err_no":0,"err_msg":"success","data":1275}
2022-01-24 17:44:55.610 | INFO     | __main__:send_msg:41 - {'code': 1000, 'msg': '处理成功', 'data': [{'uid': 'UID_wQt7H96ZPTGeAOLDV0GOcZTBRTTL', 'topicId': None, 'messageId': 306451330, 'code': 1000, 'status': '创建发送任务成功'}], 'success': True}
2022-01-24 17:44:55.610 | INFO     | __main__:send_msg:41 - {'code': 1000, 'msg': '处理成功', 'data': [{'uid': 'UID_wQt7H96ZPTGeAOLDV0GOcZTBRTTL', 'topicId': None, 'messageId': 306451330, 'code': 1000, 'status': '创建发送任务成功'}], 'success': True}
2022-01-24 18:03:41.767 | INFO     | __main__:get_cur_point:69 - {"err_no":0,"err_msg":"success","data":1275}
2022-01-24 18:03:41.767 | INFO     | __main__:get_cur_point:69 - {"err_no":0,"err_msg":"success","data":1275}
2022-01-24 18:03:42.638 | INFO     | __main__:send_msg:41 - {'code': 1000, 'msg': '处理成功', 'data': [{'uid': 'UID_wQt7H96ZPTGeAOLDV0GOcZTBRTTL', 'topicId': None, 'messageId': 306459515, 'code': 1000, 'status': '创建发送任务成功'}], 'success': True}
2022-01-24 18:03:42.638 | INFO     | __main__:send_msg:41 - {'code': 1000, 'msg': '处理成功', 'data': [{'uid': 'UID_wQt7H96ZPTGeAOLDV0GOcZTBRTTL', 'topicId': None, 'messageId': 306459515, 'code': 1000, 'status': '创建发送任务成功'}], 'success': True}
2022-01-25 09:53:38.105 | SUCCESS  | tools.browser:downloadImg:125 - 图片下载完成
2022-01-25 09:53:38.105 | SUCCESS  | tools.browser:downloadImg:125 - 图片下载完成
2022-01-25 09:53:38.106 | INFO     | tools.browser:run:53 - 验证码地址：https://p3-catpcha.byteimg.com/tos-cn-i-188rlo5p4y/d8244632302341938a3cc7ad3d2cb705~tplv-188rlo5p4y-2.jpeg
2022-01-25 09:53:38.106 | INFO     | tools.browser:run:53 - 验证码地址：https://p3-catpcha.byteimg.com/tos-cn-i-188rlo5p4y/d8244632302341938a3cc7ad3d2cb705~tplv-188rlo5p4y-2.jpeg
2022-01-25 09:53:41.588 | INFO     | tools.browser:getCaptchaCoordinate:137 - 请求超级鹰：{'err_no': 0, 'err_str': 'OK', 'pic_id': '9166609537241300098', 'pic_str': '289,180', 'md5': '6bafd4b40583cbec49b7781d1d8ea59b'}
2022-01-25 09:53:41.588 | INFO     | tools.browser:getCaptchaCoordinate:137 - 请求超级鹰：{'err_no': 0, 'err_str': 'OK', 'pic_id': '9166609537241300098', 'pic_str': '289,180', 'md5': '6bafd4b40583cbec49b7781d1d8ea59b'}
2022-01-25 10:10:31.009 | INFO     | __main__:get_cur_point:69 - {"err_no":0,"err_msg":"success","data":1975}
2022-01-25 10:10:31.009 | INFO     | __main__:get_cur_point:69 - {"err_no":0,"err_msg":"success","data":1975}
2022-01-25 10:10:31.811 | INFO     | __main__:send_msg:41 - {'code': 1000, 'msg': '处理成功', 'data': [{'uid': 'UID_wQt7H96ZPTGeAOLDV0GOcZTBRTTL', 'topicId': None, 'messageId': 306707047, 'code': 1000, 'status': '创建发送任务成功'}], 'success': True}
2022-01-25 10:10:31.811 | INFO     | __main__:send_msg:41 - {'code': 1000, 'msg': '处理成功', 'data': [{'uid': 'UID_wQt7H96ZPTGeAOLDV0GOcZTBRTTL', 'topicId': None, 'messageId': 306707047, 'code': 1000, 'status': '创建发送任务成功'}], 'success': True}
